2021-01-14 13:59:40 INFO [server.cs:36]  Run Debug 
2021-01-14 13:59:40 INFO [server.cs:36]  Run Debug 
2021-01-14 13:59:40 INFO [staticdatamgr.cs:19]  [StaticDataMgr] Tip={ "datas": { "1": { "Id": 1, "Desc": "登录系统提示", "Str": "账号已存在" }, "2": { "Id": 2, "Desc": "登录系统提示", "Str": "账号不存在" }, "3": { "Id": 3, "Desc": "登录系统提示", "Str": "密码错误" }, "4": { "Id": 4, "Desc": "角色最大数量", "Value": 4 } } } 
2021-01-14 13:59:40 INFO [staticdatamgr.cs:19]  [StaticDataMgr] Tip={ "datas": { "1": { "Id": 1, "Desc": "登录系统提示", "Str": "账号已存在" }, "2": { "Id": 2, "Desc": "登录系统提示", "Str": "账号不存在" }, "3": { "Id": 3, "Desc": "登录系统提示", "Str": "密码错误" }, "4": { "Id": 4, "Desc": "角色最大数量", "Value": 4 } } } 
2021-01-14 13:59:40 INFO [ssclientsession.cs:186]  [SSClientSessionMgr] CreateSession=1 
2021-01-14 13:59:40 INFO [ssclientsession.cs:186]  [SSClientSessionMgr] CreateSession=1 
2021-01-14 13:59:40 INFO [ssclientsession.cs:150]  [SSClientSessionMgr] ConnectCache Add SessionID=1,Host=127.0.0.1 Port=100 
2021-01-14 13:59:40 INFO [ssclientsession.cs:150]  [SSClientSessionMgr] ConnectCache Add SessionID=1,Host=127.0.0.1 Port=100 
2021-01-14 13:59:40 INFO [battleserver.cs:34]  [BattleServer] Init Ok 
2021-01-14 13:59:40 INFO [battleserver.cs:34]  [BattleServer] Init Ok 
2021-01-14 13:59:40 INFO [ssclientsession.cs:169]  [SSClientSessionMgr] AddSession SessionID=1 
2021-01-14 13:59:40 INFO [ssclientsession.cs:169]  [SSClientSessionMgr] AddSession SessionID=1 
2021-01-14 13:59:40 INFO [ssclientsession.cs:173]  [SSClientSessionMgr] AddSession Triggle ConnectCache Del SessionID=1 
2021-01-14 13:59:40 INFO [ssclientsession.cs:173]  [SSClientSessionMgr] AddSession Triggle ConnectCache Del SessionID=1 
2021-01-14 13:59:40 INFO [connection.cs:209]  [Net] [Connection] ConnID=1 StartRecvThread Socket Success 
2021-01-14 13:59:40 INFO [connection.cs:209]  [Net] [Connection] ConnID=1 StartRecvThread Socket Success 
2021-01-14 13:59:43 INFO [ssserversession.cs:418]  [SSServerSessionMgr] CreateSession=1 
2021-01-14 13:59:43 INFO [ssserversession.cs:418]  [SSServerSessionMgr] CreateSession=1 
2021-01-14 13:59:43 INFO [ssserversession.cs:282]  [SSServerSessionMgr] ConnectCache Add SessionID=1,ServerID=500 
2021-01-14 13:59:43 INFO [ssserversession.cs:282]  [SSServerSessionMgr] ConnectCache Add SessionID=1,ServerID=500 
2021-01-14 13:59:43 INFO [connection.cs:209]  [Net] [Connection] ConnID=2 StartRecvThread Socket Success 
2021-01-14 13:59:43 INFO [connection.cs:209]  [Net] [Connection] ConnID=2 StartRecvThread Socket Success 
2021-01-14 13:59:43 INFO [ssserversession.cs:400]  [SSServerSessionMgr] AddSession SessionID=1 
2021-01-14 13:59:43 INFO [ssserversession.cs:400]  [SSServerSessionMgr] AddSession SessionID=1 
2021-01-14 13:59:43 INFO [ssserversession.cs:20]  [SSServerSession] SessionID=1,ServerID=500,ServerType=match Send Verify Req 
2021-01-14 13:59:43 INFO [ssserversession.cs:20]  [SSServerSession] SessionID=1,ServerID=500,ServerType=match Send Verify Req 
